#
# There is insufficient memory for the Java Runtime Environment to continue.
# Native memory allocation (malloc) failed to allocate 2159216 bytes for Chunk::new
# Possible reasons:
#   The system is out of physical RAM or swap space
#   The process is running with CompressedOops enabled, and the Java Heap may be blocking the growth of the native heap
# Possible solutions:
#   Reduce memory load on the system
#   Increase physical memory or swap space
#   Check if swap backing store is full
#   Decrease Java heap size (-Xmx/-Xms)
#   Decrease number of Java threads
#   Decrease Java thread stack sizes (-Xss)
#   Set larger code cache with -XX:ReservedCodeCacheSize=
#   JVM is running with Unscaled Compressed Oops mode in which the Java heap is
#     placed in the first 4GB address space. The Java Heap base address is the
#     maximum limit for the native heap growth. Please use -XX:HeapBaseMinAddress
#     to set the Java Heap base and to place the Java Heap above 4GB virtual address.
# This output file may be truncated or incomplete.
#
#  Out of Memory Error (allocation.cpp:389), pid=7872, tid=0x0000000000000474
#
# JRE version: OpenJDK Runtime Environment (8.0_202-b03) (build 1.8.0_202-release-1483-b03)
# Java VM: OpenJDK 64-Bit Server VM (25.202-b03 mixed mode windows-amd64 compressed oops)
# Failed to write core dump. Minidumps are not enabled by default on client versions of Windows
#

---------------  T H R E A D  ---------------

Current thread (0x000000005661d800):  JavaThread "C2 CompilerThread1" daemon [_thread_in_native, id=1140, stack(0x00000000581f0000,0x00000000582f0000)]

Stack: [0x00000000581f0000,0x00000000582f0000]
[error occurred during error reporting (printing stack bounds), id 0xc0000005]

Native frames: (J=compiled Java code, j=interpreted, Vv=VM code, C=native code)


Current CompileTask:
C2:3753410 24003       4       org.objectweb.asm.ClassReader::readCode (5089 bytes)


---------------  P R O C E S S  ---------------

Java Threads: ( => current thread )
  0x00000000596fa800 JavaThread "Cache worker for cache directory md-rule (D:\Programs\Android_Studio\.gradle\caches\5.4.1\md-rule)" [_thread_blocked, id=1148, stack(0x00000000649d0000,0x0000000064ad0000)]
  0x00000000596fd800 JavaThread "Cache worker for cache directory md-supplier (D:\Programs\Android_Studio\.gradle\caches\5.4.1\md-supplier)" [_thread_blocked, id=3980, stack(0x0000000064860000,0x0000000064960000)]
  0x0000000059702000 JavaThread "Cache worker for file hash cache (D:\Programming_Projects\NotyTeam\.gradle\5.4.1\fileHashes)" [_thread_blocked, id=7204, stack(0x00000000618d0000,0x00000000619d0000)]
  0x00000000596fe000 JavaThread "Thread-207" [_thread_blocked, id=4580, stack(0x000000005c970000,0x000000005ca70000)]
  0x00000000596f6800 JavaThread "Stdin handler" [_thread_blocked, id=7980, stack(0x000000005cb90000,0x000000005cc90000)]
  0x0000000059701000 JavaThread "Asynchronous log dispatcher for DefaultDaemonConnection: socket connection from /127.0.0.1:51661 to /127.0.0.1:52664" [_thread_blocked, id=4208, stack(0x00000000611b0000,0x00000000612b0000)]
  0x000000005a9fd800 JavaThread "Daemon worker Thread 8" [_thread_in_native, id=1964, stack(0x000000005e3c0000,0x000000005e4c0000)]
  0x000000005a9ff000 JavaThread "Cancel handler" [_thread_blocked, id=6412, stack(0x000000005c810000,0x000000005c910000)]
  0x000000005a9fb000 JavaThread "Handler for socket connection from /127.0.0.1:51661 to /127.0.0.1:52664" [_thread_in_native, id=6052, stack(0x000000005c400000,0x000000005c500000)]
  0x000000005a9fc800 JavaThread "Daemon Thread 8" [_thread_blocked, id=4496, stack(0x000000005bf30000,0x000000005c030000)]
  0x000000005e08c800 JavaThread "Cache worker for Java compile cache (D:\Programs\Android_Studio\.gradle\caches\5.4.1\javaCompile)" [_thread_blocked, id=4732, stack(0x0000000065300000,0x0000000065400000)]
  0x00000000596ff800 JavaThread "Cache worker for file content cache (D:\Programs\Android_Studio\.gradle\caches\5.4.1\fileContent)" [_thread_blocked, id=4232, stack(0x0000000064100000,0x0000000064200000)]
  0x000000005a9f9800 JavaThread "Memory manager" [_thread_blocked, id=2468, stack(0x000000005f690000,0x000000005f790000)]
  0x00000000596fc800 JavaThread "Cache worker for execution history cache (D:\Programs\Android_Studio\.gradle\caches\5.4.1\executionHistory)" [_thread_blocked, id=1880, stack(0x0000000061300000,0x0000000061400000)]
  0x00000000596f6000 JavaThread "Cache worker for journal cache (D:\Programs\Android_Studio\.gradle\caches\journal-1)" [_thread_blocked, id=2216, stack(0x000000005ce60000,0x000000005cf60000)]
  0x00000000596f5000 JavaThread "File lock request listener" [_thread_in_native, id=7892, stack(0x000000005ccc0000,0x000000005cdc0000)]
  0x00000000596f4800 JavaThread "Cache worker for file hash cache (D:\Programs\Android_Studio\.gradle\caches\5.4.1\fileHashes)" [_thread_blocked, id=7132, stack(0x000000005ca70000,0x000000005cb70000)]
  0x00000000599be800 JavaThread "Daemon periodic checks" [_thread_blocked, id=6724, stack(0x000000005b010000,0x000000005b110000)]
  0x00000000599f4000 JavaThread "Incoming local TCP Connector on port 51661" [_thread_in_native, id=7200, stack(0x000000005c0a0000,0x000000005c1a0000)]
  0x0000000059fc6800 JavaThread "Daemon health stats" [_thread_blocked, id=7244, stack(0x000000005b130000,0x000000005b230000)]
  0x0000000057a77000 JavaThread "Service Thread" daemon [_thread_blocked, id=8176, stack(0x0000000058570000,0x0000000058670000)]
  0x00000000579fd800 JavaThread "C1 CompilerThread2" daemon [_thread_blocked, id=7376, stack(0x0000000058380000,0x0000000058480000)]
=>0x000000005661d800 JavaThread "C2 CompilerThread1" daemon [_thread_in_native, id=1140, stack(0x00000000581f0000,0x00000000582f0000)]
  0x0000000056618000 JavaThread "C2 CompilerThread0" daemon [_thread_in_native, id=6432, stack(0x00000000580c0000,0x00000000581c0000)]
  0x00000000579fa800 JavaThread "Attach Listener" daemon [_thread_blocked, id=5440, stack(0x0000000057610000,0x0000000057710000)]
  0x0000000056617000 JavaThread "Signal Dispatcher" daemon [_thread_blocked, id=6920, stack(0x0000000057ea0000,0x0000000057fa0000)]
  0x00000000565fb800 JavaThread "Finalizer" daemon [_thread_blocked, id=2500, stack(0x00000000578f0000,0x00000000579f0000)]
  0x00000000565f5000 JavaThread "Reference Handler" daemon [_thread_blocked, id=2296, stack(0x0000000057790000,0x0000000057890000)]
  0x0000000002288800 JavaThread "main" [_thread_blocked, id=5480, stack(0x00000000024c0000,0x00000000025c0000)]

Other Threads:
  0x00000000565ad800 VMThread [stack: 0x00000000574c0000,0x00000000575c0000] [id=7136]
  0x0000000057a7b800 WatcherThread [stack: 0x0000000058770000,0x0000000058870000] [id=7668]

VM state:not at safepoint (normal execution)

VM Mutex/Monitor currently owned by a thread: None

heap address: 0x00000000a0000000, size: 1536 MB, Compressed Oops mode: 32-bit
Narrow klass base: 0x0000000000000000, Narrow klass shift: 0
Compressed class space size: 1073741824 Address: 0x0000000015c20000

Heap:
 PSYoungGen      total 404992K, used 276247K [0x00000000e0000000, 0x00000000fb100000, 0x0000000100000000)
  eden space 381952K, 70% used [0x00000000e0000000,0x00000000f07a1d40,0x00000000f7500000)
  from space 23040K, 27% used [0x00000000f9a80000,0x00000000fa0a4040,0x00000000fb100000)
  to   space 30720K, 0% used [0x00000000f7500000,0x00000000f7500000,0x00000000f9300000)
 ParOldGen       total 202752K, used 62287K [0x00000000a0000000, 0x00000000ac600000, 0x00000000e0000000)
  object space 202752K, 30% used [0x00000000a0000000,0x00000000a3cd3d28,0x00000000ac600000)
 Metaspace       used 100767K, capacity 106057K, committed 106328K, reserved 1144832K
  class space    used 12739K, capacity 13664K, committed 13696K, reserved 1048576K

Card table byte_map: [0x0000000011c50000,0x0000000011f60000] byte_map_base: 0x0000000011750000

Marking Bits: (ParMarkBitMap*) 0x000000005bac9f30
 Begin Bits: [0x0000000012920000, 0x0000000014120000)
 End Bits:   [0x0000000014120000, 0x0000000015920000)

Polling page: 0x0000000000140000

CodeCache: size=245760Kb used=66051Kb max_used=66051Kb free=179708Kb
 bounds [0x0000000002890000, 0x0000000006970000, 0x0000000011890000]
 total_blobs=19997 nmethods=19080 adapters=828
 compilation: enabled

Compilation events (10 events):
Event: 3751.290 Thread 0x00000000579fd800 24017       1       org.gradle.internal.service.DefaultServiceRegistry::asProvider (5 bytes)
Event: 3751.290 Thread 0x00000000579fd800 nmethod 24017 0x0000000003bb7f50 code [0x0000000003bb80a0, 0x0000000003bb81b0]
Event: 3751.291 Thread 0x00000000579fd800 24018       3       java.math.MutableBigInteger::copyAndShift (73 bytes)
Event: 3751.291 Thread 0x00000000579fd800 nmethod 24018 0x0000000003be5490 code [0x0000000003be5600, 0x0000000003be58b0]
Event: 3751.391 Thread 0x00000000579fd800 24020       3       org.gradle.internal.operations.DelegatingBuildOperationExecutor::runAll (11 bytes)
Event: 3751.391 Thread 0x00000000579fd800 nmethod 24020 0x0000000003be5010 code [0x0000000003be5180, 0x0000000003be53a8]
Event: 3751.391 Thread 0x00000000579fd800 24021   !   3       org.gradle.internal.operations.DefaultBuildOperationExecutor::runAll (33 bytes)
Event: 3751.392 Thread 0x00000000579fd800 nmethod 24021 0x00000000045fcc10 code [0x00000000045fce00, 0x00000000045fd6e8]
Event: 3751.392 Thread 0x00000000579fd800 24022       3       org.gradle.internal.operations.DefaultBuildOperationExecutor::access$1300 (5 bytes)
Event: 3751.393 Thread 0x00000000579fd800 nmethod 24022 0x00000000045fc410 code [0x00000000045fc5a0, 0x00000000045fca28]

GC Heap History (10 events):
Event: 2502.006 GC heap before
{Heap before GC invocations=26 (full 4):
 PSYoungGen      total 246272K, used 221222K [0x00000000e0000000, 0x00000000f4780000, 0x0000000100000000)
  eden space 209408K, 100% used [0x00000000e0000000,0x00000000ecc80000,0x00000000ecc80000)
  from space 36864K, 32% used [0x00000000ecc80000,0x00000000ed809910,0x00000000ef080000)
  to   space 35328K, 0% used [0x00000000f2500000,0x00000000f2500000,0x00000000f4780000)
 ParOldGen       total 202752K, used 53821K [0x00000000a0000000, 0x00000000ac600000, 0x00000000e0000000)
  object space 202752K, 26% used [0x00000000a0000000,0x00000000a348f490,0x00000000ac600000)
 Metaspace       used 97094K, capacity 101533K, committed 101976K, reserved 1138688K
  class space    used 12451K, capacity 13251K, committed 13440K, reserved 1048576K
Event: 2502.052 GC heap after
Heap after GC invocations=26 (full 4):
 PSYoungGen      total 301056K, used 10435K [0x00000000e0000000, 0x00000000f4900000, 0x0000000100000000)
  eden space 265728K, 0% used [0x00000000e0000000,0x00000000e0000000,0x00000000f0380000)
  from space 35328K, 29% used [0x00000000f2500000,0x00000000f2f30c50,0x00000000f4780000)
  to   space 34304K, 0% used [0x00000000f0380000,0x00000000f0380000,0x00000000f2500000)
 ParOldGen       total 202752K, used 55468K [0x00000000a0000000, 0x00000000ac600000, 0x00000000e0000000)
  object space 202752K, 27% used [0x00000000a0000000,0x00000000a362b058,0x00000000ac600000)
 Metaspace       used 97094K, capacity 101533K, committed 101976K, reserved 1138688K
  class space    used 12451K, capacity 13251K, committed 13440K, reserved 1048576K
}
Event: 2503.623 GC heap before
{Heap before GC invocations=27 (full 4):
 PSYoungGen      total 301056K, used 276163K [0x00000000e0000000, 0x00000000f4900000, 0x0000000100000000)
  eden space 265728K, 100% used [0x00000000e0000000,0x00000000f0380000,0x00000000f0380000)
  from space 35328K, 29% used [0x00000000f2500000,0x00000000f2f30c50,0x00000000f4780000)
  to   space 34304K, 0% used [0x00000000f0380000,0x00000000f0380000,0x00000000f2500000)
 ParOldGen       total 202752K, used 55468K [0x00000000a0000000, 0x00000000ac600000, 0x00000000e0000000)
  object space 202752K, 27% used [0x00000000a0000000,0x00000000a362b058,0x00000000ac600000)
 Metaspace       used 97537K, capacity 101983K, committed 102232K, reserved 1138688K
  class space    used 12497K, capacity 13300K, committed 13440K, reserved 1048576K
Event: 2503.658 GC heap after
Heap after GC invocations=27 (full 4):
 PSYoungGen      total 300032K, used 5033K [0x00000000e0000000, 0x00000000f8d00000, 0x0000000100000000)
  eden space 265728K, 0% used [0x00000000e0000000,0x00000000e0000000,0x00000000f0380000)
  from space 34304K, 14% used [0x00000000f0380000,0x00000000f086a4d0,0x00000000f2500000)
  to   space 33792K, 0% used [0x00000000f6c00000,0x00000000f6c00000,0x00000000f8d00000)
 ParOldGen       total 202752K, used 58301K [0x00000000a0000000, 0x00000000ac600000, 0x00000000e0000000)
  object space 202752K, 28% used [0x00000000a0000000,0x00000000a38ef588,0x00000000ac600000)
 Metaspace       used 97537K, capacity 101983K, committed 102232K, reserved 1138688K
  class space    used 12497K, capacity 13300K, committed 13440K, reserved 1048576K
}
Event: 2576.574 GC heap before
{Heap before GC invocations=28 (full 4):
 PSYoungGen      total 300032K, used 270761K [0x00000000e0000000, 0x00000000f8d00000, 0x0000000100000000)
  eden space 265728K, 100% used [0x00000000e0000000,0x00000000f0380000,0x00000000f0380000)
  from space 34304K, 14% used [0x00000000f0380000,0x00000000f086a4d0,0x00000000f2500000)
  to   space 33792K, 0% used [0x00000000f6c00000,0x00000000f6c00000,0x00000000f8d00000)
 ParOldGen       total 202752K, used 58301K [0x00000000a0000000, 0x00000000ac600000, 0x00000000e0000000)
  object space 202752K, 28% used [0x00000000a0000000,0x00000000a38ef588,0x00000000ac600000)
 Metaspace       used 99068K, capacity 103711K, committed 103896K, reserved 1140736K
  class space    used 12602K, capacity 13464K, committed 13568K, reserved 1048576K
Event: 2576.600 GC heap after
Heap after GC invocations=28 (full 4):
 PSYoungGen      total 356352K, used 12376K [0x00000000e0000000, 0x00000000f8380000, 0x0000000100000000)
  eden space 332288K, 0% used [0x00000000e0000000,0x00000000e0000000,0x00000000f4480000)
  from space 24064K, 51% used [0x00000000f6c00000,0x00000000f7816000,0x00000000f8380000)
  to   space 32256K, 0% used [0x00000000f4480000,0x00000000f4480000,0x00000000f6400000)
 ParOldGen       total 202752K, used 59401K [0x00000000a0000000, 0x00000000ac600000, 0x00000000e0000000)
  object space 202752K, 29% used [0x00000000a0000000,0x00000000a3a025e8,0x00000000ac600000)
 Metaspace       used 99068K, capacity 103711K, committed 103896K, reserved 1140736K
  class space    used 12602K, capacity 13464K, committed 13568K, reserved 1048576K
}
Event: 2584.967 GC heap before
{Heap before GC invocations=29 (full 4):
 PSYoungGen      total 356352K, used 344661K [0x00000000e0000000, 0x00000000f8380000, 0x0000000100000000)
  eden space 332288K, 99% used [0x00000000e0000000,0x00000000f447f518,0x00000000f4480000)
  from space 24064K, 51% used [0x00000000f6c00000,0x00000000f7816000,0x00000000f8380000)
  to   space 32256K, 0% used [0x00000000f4480000,0x00000000f4480000,0x00000000f6400000)
 ParOldGen       total 202752K, used 59409K [0x00000000a0000000, 0x00000000ac600000, 0x00000000e0000000)
  object space 202752K, 29% used [0x00000000a0000000,0x00000000a3a045f8,0x00000000ac600000)
 Metaspace       used 99447K, capacity 104079K, committed 104408K, reserved 1140736K
  class space    used 12618K, capacity 13480K, committed 13568K, reserved 1048576K
Event: 2584.997 GC heap after
Heap after GC invocations=29 (full 4):
 PSYoungGen      total 364544K, used 7873K [0x00000000e0000000, 0x00000000fb900000, 0x0000000100000000)
  eden space 332288K, 0% used [0x00000000e0000000,0x00000000e0000000,0x00000000f4480000)
  from space 32256K, 24% used [0x00000000f4480000,0x00000000f4c30500,0x00000000f6400000)
  to   space 31232K, 0% used [0x00000000f9a80000,0x00000000f9a80000,0x00000000fb900000)
 ParOldGen       total 202752K, used 60177K [0x00000000a0000000, 0x00000000ac600000, 0x00000000e0000000)
  object space 202752K, 29% used [0x00000000a0000000,0x00000000a3ac4628,0x00000000ac600000)
 Metaspace       used 99447K, capacity 104079K, committed 104408K, reserved 1140736K
  class space    used 12618K, capacity 13480K, committed 13568K, reserved 1048576K
}
Event: 3342.019 GC heap before
{Heap before GC invocations=30 (full 4):
 PSYoungGen      total 364544K, used 340161K [0x00000000e0000000, 0x00000000fb900000, 0x0000000100000000)
  eden space 332288K, 100% used [0x00000000e0000000,0x00000000f4480000,0x00000000f4480000)
  from space 32256K, 24% used [0x00000000f4480000,0x00000000f4c30500,0x00000000f6400000)
  to   space 31232K, 0% used [0x00000000f9a80000,0x00000000f9a80000,0x00000000fb900000)
 ParOldGen       total 202752K, used 60228K [0x00000000a0000000, 0x00000000ac600000, 0x00000000e0000000)
  object space 202752K, 29% used [0x00000000a0000000,0x00000000a3ad10a8,0x00000000ac600000)
 Metaspace       used 100306K, capacity 105237K, committed 105560K, reserved 1140736K
  class space    used 12689K, capacity 13595K, committed 13696K, reserved 1048576K
Event: 3342.038 GC heap after
Heap after GC invocations=30 (full 4):
 PSYoungGen      total 404992K, used 6288K [0x00000000e0000000, 0x00000000fb100000, 0x0000000100000000)
  eden space 381952K, 0% used [0x00000000e0000000,0x00000000e0000000,0x00000000f7500000)
  from space 23040K, 27% used [0x00000000f9a80000,0x00000000fa0a4040,0x00000000fb100000)
  to   space 30720K, 0% used [0x00000000f7500000,0x00000000f7500000,0x00000000f9300000)
 ParOldGen       total 202752K, used 62287K [0x00000000a0000000, 0x00000000ac600000, 0x00000000e0000000)
  object space 202752K, 30% used [0x00000000a0000000,0x00000000a3cd3d28,0x00000000ac600000)
 Metaspace       used 100306K, capacity 105237K, committed 105560K, reserved 1140736K
  class space    used 12689K, capacity 13595K, committed 13696K, reserved 1048576K
}

Deoptimization events (10 events):
Event: 3377.078 Thread 0x000000005f002800 Uncommon trap: reason=unstable_if action=reinterpret pc=0x0000000004c0c7cc method=org.gradle.internal.snapshot.impl.AbstractScalarValueSnapshot.equals(Ljava/lang/Object;)Z @ 19
Event: 3377.083 Thread 0x000000005f002800 Uncommon trap: reason=bimorphic action=maybe_recompile pc=0x0000000006723fdc method=java.util.ArrayList$ArrayListSpliterator.tryAdvance(Ljava/util/function/Consumer;)Z @ 48
Event: 3532.825 Thread 0x000000005e08f800 Uncommon trap: reason=class_check action=maybe_recompile pc=0x00000000054de868 method=com.sun.org.apache.xerces.internal.dom.NamedNodeMapImpl.getNamedItem(Ljava/lang/String;)Lorg/w3c/dom/Node; @ 28
Event: 3533.056 Thread 0x000000005e08e800 Uncommon trap: reason=unstable_if action=reinterpret pc=0x0000000003d62a80 method=java.util.concurrent.locks.ReentrantLock$Sync.nonfairTryAcquire(I)Z @ 19
Event: 3535.254 Thread 0x000000005e08e800 Uncommon trap: reason=unstable_if action=reinterpret pc=0x00000000033d5f20 method=java.util.concurrent.locks.ReentrantLock$Sync.nonfairTryAcquire(I)Z @ 19
Event: 3535.354 Thread 0x000000005e08e800 Uncommon trap: reason=unstable_if action=reinterpret pc=0x0000000004f36f08 method=java.util.concurrent.locks.ReentrantLock$Sync.nonfairTryAcquire(I)Z @ 19
Event: 3548.215 Thread 0x000000005a9fb000 Uncommon trap: reason=class_check action=maybe_recompile pc=0x0000000004fb8434 method=org.gradle.api.internal.artifacts.transform.DefaultTransformationNodeRegistry.unpackTransformation(Lorg/gradle/api/internal/artifacts/transform/Transformation;)Ljava/uti
Event: 3614.202 Thread 0x0000000059701000 Uncommon trap: reason=class_check action=maybe_recompile pc=0x0000000005773304 method=com.android.tools.build.apkzlib.zip.FileUseMap.locateFree(JJJLcom/android/tools/build/apkzlib/zip/FileUseMap$PositionAlgorithm;)J @ 118
Event: 3751.067 Thread 0x000000005a9fd800 Uncommon trap: reason=unstable_if action=reinterpret pc=0x0000000005b9e3c4 method=org.objectweb.asm.MethodVisitor.visitEnd()V @ 4
Event: 3751.067 Thread 0x000000005a9fd800 Uncommon trap: reason=unstable_if action=reinterpret pc=0x00000000062dc9cc method=org.objectweb.asm.MethodVisitor.visitJumpInsn(ILorg/objectweb/asm/Label;)V @ 4

Classes redefined (0 events):
No events

Internal exceptions (10 events):
Event: 3750.849 Thread 0x000000005a9fd800 Exception <a 'java/lang/ClassNotFoundException': sync_java_lib4_b9krqdb1o1mqv71bb3cejh1lzBeanInfo> (0x00000000efd2c398) thrown at [D:\src\AOSP-openjdk-cygwin\jdk8u\hotspot\src\share\vm\classfile\systemDictionary.cpp, line 210]
Event: 3750.849 Thread 0x000000005a9fd800 Exception <a 'java/lang/ClassNotFoundException': sync_java_lib4_b9krqdb1o1mqv71bb3cejh1lzCustomizer> (0x00000000efd387e0) thrown at [D:\src\AOSP-openjdk-cygwin\jdk8u\hotspot\src\share\vm\classfile\systemDictionary.cpp, line 210]
Event: 3750.958 Thread 0x000000005a9fd800 Exception <a 'java/lang/ClassNotFoundException': sync_java_lib4_b9krqdb1o1mqv71bb3cejh1lzBeanInfo> (0x00000000efeabf80) thrown at [D:\src\AOSP-openjdk-cygwin\jdk8u\hotspot\src\share\vm\classfile\systemDictionary.cpp, line 210]
Event: 3750.959 Thread 0x000000005a9fd800 Exception <a 'java/lang/ClassNotFoundException': sync_java_lib4_b9krqdb1o1mqv71bb3cejh1lzCustomizer> (0x00000000efeb8330) thrown at [D:\src\AOSP-openjdk-cygwin\jdk8u\hotspot\src\share\vm\classfile\systemDictionary.cpp, line 210]
Event: 3751.108 Thread 0x000000005a9fd800 Exception <a 'java/lang/ClassNotFoundException': sync_ng_kapt5_f2x4rxamjdmmfnshutxw7kzrxBeanInfo> (0x00000000effc8a58) thrown at [D:\src\AOSP-openjdk-cygwin\jdk8u\hotspot\src\share\vm\classfile\systemDictionary.cpp, line 210]
Event: 3751.109 Thread 0x000000005a9fd800 Exception <a 'java/lang/ClassNotFoundException': sync_ng_kapt5_f2x4rxamjdmmfnshutxw7kzrxCustomizer> (0x00000000effd4e60) thrown at [D:\src\AOSP-openjdk-cygwin\jdk8u\hotspot\src\share\vm\classfile\systemDictionary.cpp, line 210]
Event: 3751.287 Thread 0x000000005a9fd800 Exception <a 'java/lang/ClassNotFoundException': sync_ng_kapt5_f2x4rxamjdmmfnshutxw7kzrxBeanInfo> (0x00000000f0150688) thrown at [D:\src\AOSP-openjdk-cygwin\jdk8u\hotspot\src\share\vm\classfile\systemDictionary.cpp, line 210]
Event: 3751.287 Thread 0x000000005a9fd800 Exception <a 'java/lang/ClassNotFoundException': sync_ng_kapt5_f2x4rxamjdmmfnshutxw7kzrxCustomizer> (0x00000000f015c9f0) thrown at [D:\src\AOSP-openjdk-cygwin\jdk8u\hotspot\src\share\vm\classfile\systemDictionary.cpp, line 210]
Event: 3751.383 Thread 0x000000005a9fd800 Exception <a 'java/lang/ClassNotFoundException': sync_ng_build_script_classpath_4mi62nzadkpj020vu57rdg632BeanInfo> (0x00000000f0274460) thrown at [D:\src\AOSP-openjdk-cygwin\jdk8u\hotspot\src\share\vm\classfile\systemDictionary.cpp, line 210]
Event: 3751.383 Thread 0x000000005a9fd800 Exception <a 'java/lang/ClassNotFoundException': sync_ng_build_script_classpath_4mi62nzadkpj020vu57rdg632Customizer> (0x00000000f02829c8) thrown at [D:\src\AOSP-openjdk-cygwin\jdk8u\hotspot\src\share\vm\classfile\systemDictionary.cpp, line 210]

Events (10 events):
Event: 3751.382 loading class sync_ng_build_script_classpath_4mi62nzadkpj020vu57rdg632BeanInfo
Event: 3751.382 loading class sync_ng_build_script_classpath_4mi62nzadkpj020vu57rdg632BeanInfo done
Event: 3751.383 loading class sync_ng_build_script_classpath_4mi62nzadkpj020vu57rdg632Customizer
Event: 3751.383 loading class sync_ng_build_script_classpath_4mi62nzadkpj020vu57rdg632Customizer done
Event: 3751.383 loading class sync_ng_build_script_classpath_4mi62nzadkpj020vu57rdg632Customizer
Event: 3751.383 loading class sync_ng_build_script_classpath_4mi62nzadkpj020vu57rdg632Customizer done
Event: 3751.386 loading class groovy/runtime/metaclass/sync_ng_build_script_classpath_4mi62nzadkpj020vu57rdg632$_run_closure1MetaClass
Event: 3751.386 loading class groovy/runtime/metaclass/sync_ng_build_script_classpath_4mi62nzadkpj020vu57rdg632$_run_closure1MetaClass done
Event: 3751.388 loading class groovy/runtime/metaclass/sync_ng_build_script_classpath_4mi62nzadkpj020vu57rdg632$_run_closure1$_closure2MetaClass
Event: 3751.388 loading class groovy/runtime/metaclass/sync_ng_build_script_classpath_4mi62nzadkpj020vu57rdg632$_run_closure1$_closure2MetaClass done


Dynamic libraries:
0x000000013f0b0000 - 0x000000013f0e1000 	D:\Programs\Android_Studio\jre\bin\java.exe
0x0000000076cf0000 - 0x0000000076e99000 	C:\Windows\SYSTEM32\ntdll.dll
0x0000000076bd0000 - 0x0000000076cef000 	C:\Windows\system32\kernel32.dll
0x000007fefce60000 - 0x000007fefcecb000 	C:\Windows\system32\KERNELBASE.dll
0x000007fefd390000 - 0x000007fefd46b000 	C:\Windows\system32\ADVAPI32.dll
0x000007fefd290000 - 0x000007fefd32f000 	C:\Windows\system32\msvcrt.dll
0x000007fefdc00000 - 0x000007fefdc1f000 	C:\Windows\SYSTEM32\sechost.dll
0x000007fefeb80000 - 0x000007fefecad000 	C:\Windows\system32\RPCRT4.dll
0x0000000076ad0000 - 0x0000000076bca000 	C:\Windows\system32\USER32.dll
0x000007fefd150000 - 0x000007fefd1b7000 	C:\Windows\system32\GDI32.dll
0x000007fefdbf0000 - 0x000007fefdbfe000 	C:\Windows\system32\LPK.dll
0x000007fefd1c0000 - 0x000007fefd289000 	C:\Windows\system32\USP10.dll
0x000007fefb130000 - 0x000007fefb324000 	C:\Windows\WinSxS\amd64_microsoft.windows.common-controls_6595b64144ccf1df_6.0.7601.17514_none_fa396087175ac9ac\COMCTL32.dll
0x000007fefecb0000 - 0x000007fefed21000 	C:\Windows\system32\SHLWAPI.dll
0x000007fefdd20000 - 0x000007fefdd4e000 	C:\Windows\system32\IMM32.DLL
0x000007fefd700000 - 0x000007fefd809000 	C:\Windows\system32\MSCTF.dll
0x000007fefca70000 - 0x000007fefcaa0000 	C:\Windows\system32\nvinitx.dll
0x000007fefca60000 - 0x000007fefca6c000 	C:\Windows\system32\VERSION.dll
0x0000000071fd0000 - 0x0000000071fd6000 	C:\Program Files\NVIDIA Corporation\CoProcManager\detoured.dll
0x000007fef6f60000 - 0x000007fef6f98000 	C:\Program Files\NVIDIA Corporation\CoProcManager\nvd3d9wrapx.dll
0x000007fefd970000 - 0x000007fefdb47000 	C:\Windows\system32\SETUPAPI.dll
0x000007fefce20000 - 0x000007fefce56000 	C:\Windows\system32\CFGMGR32.dll
0x000007fefdc40000 - 0x000007fefdd17000 	C:\Windows\system32\OLEAUT32.dll
0x000007fefed30000 - 0x000007fefef33000 	C:\Windows\system32\ole32.dll
0x000007fefccf0000 - 0x000007fefcd0a000 	C:\Windows\system32\DEVOBJ.dll
0x000007fef6f30000 - 0x000007fef6f54000 	C:\Program Files\NVIDIA Corporation\CoProcManager\nvdxgiwrapx.dll
0x0000000062810000 - 0x00000000628e2000 	D:\Programs\Android_Studio\jre\jre\bin\msvcr100.dll
0x000000005b300000 - 0x000000005bb46000 	D:\Programs\Android_Studio\jre\jre\bin\server\jvm.dll
0x000007fef8740000 - 0x000007fef8749000 	C:\Windows\system32\WSOCK32.dll
0x000007fefced0000 - 0x000007fefcf1d000 	C:\Windows\system32\WS2_32.dll
0x000007fefefc0000 - 0x000007fefefc8000 	C:\Windows\system32\NSI.dll
0x000007fef90e0000 - 0x000007fef911b000 	C:\Windows\system32\WINMM.dll
0x0000000076eb0000 - 0x0000000076eb7000 	C:\Windows\system32\PSAPI.DLL
0x000007fefb460000 - 0x000007fefb46f000 	D:\Programs\Android_Studio\jre\jre\bin\verify.dll
0x000007fef8d60000 - 0x000007fef8d89000 	D:\Programs\Android_Studio\jre\jre\bin\java.dll
0x000007fefaa50000 - 0x000007fefaa66000 	D:\Programs\Android_Studio\jre\jre\bin\zip.dll
0x000007fefddf0000 - 0x000007fefeb78000 	C:\Windows\system32\SHELL32.dll
0x000007fefcaa0000 - 0x000007fefcaaf000 	C:\Windows\system32\profapi.dll
0x000007fef8d40000 - 0x000007fef8d5a000 	D:\Programs\Android_Studio\jre\jre\bin\net.dll
0x000007fefc2d0000 - 0x000007fefc325000 	C:\Windows\system32\mswsock.dll
0x000007fefc2c0000 - 0x000007fefc2c7000 	C:\Windows\System32\wship6.dll
0x000007fef8d20000 - 0x000007fef8d31000 	D:\Programs\Android_Studio\jre\jre\bin\nio.dll
0x000007feedf30000 - 0x000007feedf56000 	D:\Programs\Android_Studio\.gradle\native\29\windows-amd64\native-platform.dll
0x000007fef5020000 - 0x000007fef5023000 	C:\Windows\system32\api-ms-win-core-synch-l1-2-0.DLL
0x000007fefb470000 - 0x000007fefb47d000 	D:\Programs\Android_Studio\jre\jre\bin\management.dll
0x000007fefc330000 - 0x000007fefc347000 	C:\Windows\system32\CRYPTSP.dll
0x000007fefc030000 - 0x000007fefc077000 	C:\Windows\system32\rsaenh.dll
0x000007fefbdb0000 - 0x000007fefbdce000 	C:\Windows\system32\USERENV.dll
0x000007fefc990000 - 0x000007fefc99f000 	C:\Windows\system32\CRYPTBASE.dll
0x000007fefa1c0000 - 0x000007fefa1e7000 	C:\Windows\system32\IPHLPAPI.DLL
0x000007fefa1b0000 - 0x000007fefa1bb000 	C:\Windows\system32\WINNSI.DLL
0x000007fef9fb0000 - 0x000007fef9fc8000 	C:\Windows\system32\dhcpcsvc.DLL
0x000007fef9f90000 - 0x000007fef9fa1000 	C:\Windows\system32\dhcpcsvc6.DLL
0x000007feee460000 - 0x000007feee484000 	D:\Programs\Android_Studio\jre\jre\bin\sunec.dll
0x000007fefbc90000 - 0x000007fefbc97000 	C:\Windows\System32\wshtcpip.dll
0x000007fefc150000 - 0x000007fefc1ab000 	C:\Windows\system32\DNSAPI.dll
0x00000000726d0000 - 0x00000000726f6000 	C:\Program Files\Bonjour\mdnsNSP.dll
0x000007fef88b0000 - 0x000007fef88b8000 	C:\Windows\system32\rasadhlp.dll
0x000007fefa030000 - 0x000007fefa083000 	C:\Windows\System32\fwpuclnt.dll
0x000007fefaa40000 - 0x000007fefaa4b000 	D:\Programs\Android_Studio\jre\jre\bin\sunmscapi.dll
0x000007fefcb60000 - 0x000007fefcccc000 	C:\Windows\system32\CRYPT32.dll
0x000007fefcb40000 - 0x000007fefcb4f000 	C:\Windows\system32\MSASN1.dll
0x000007fefc930000 - 0x000007fefc987000 	C:\Windows\system32\apphelp.dll

VM Arguments:
jvm_args: -Xmx1536m -Dfile.encoding=windows-1251 -Duser.country=RU -Duser.language=ru -Duser.variant 
java_command: org.gradle.launcher.daemon.bootstrap.GradleDaemon 5.4.1
java_class_path (initial): D:\Programs\Android_Studio\.gradle\wrapper\dists\gradle-5.4.1-all\3221gyojl5jsh0helicew7rwx\gradle-5.4.1\lib\gradle-launcher-5.4.1.jar
Launcher Type: SUN_STANDARD

Environment Variables:
PATH=C:\Program Files (x86)\Common Files\Intel\Shared Libraries\redist\intel64\compiler;C:\Program Files (x86)\NVIDIA Corporation\PhysX\Common;C:\ProgramData\Oracle\Java\javapath;%COSMOSM%;C:\Program Files (x86)\Intel\iCLS Client\;C:\Program Files\Intel\iCLS Client\;C:\Windows\system32;C:\Windows;C:\Windows\System32\Wbem;C:\Windows\System32\WindowsPowerShell\v1.0\;C:\Program Files\Intel\WiFi\bin\;C:\Program Files\Common Files\Intel\WirelessCommon\;C:\Program Files\Intel\Intel(R) Management Engine Components\DAL;C:\Program Files\Intel\Intel(R) Management Engine Components\IPT;C:\Program Files (x86)\Intel\Intel(R) Management Engine Components\DAL;C:\Program Files (x86)\Intel\Intel(R) Management Engine Components\IPT;C:\Program Files (x86)\Intel\OpenCL SDK\2.0\bin\x86;C:\Program Files (x86)\Intel\OpenCL SDK\2.0\bin\x64;C:\Program Files (x86)\CineForm\Tools;C:\Program Files (x86)\Microsoft SQL Server\110\Tools\Binn\;C:\Program Files\Microsoft SQL Server\110\Tools\Binn\;C:\Program Files\Microsoft SQL Server\110\DTS\Binn\;D:\Программы\QuickTime\QTSystem\;D:\CodeBlocks\MinGW\bin;C:\Program Files\Java\jdk-11.0.1\bin;D:\Programs\Git\cmd;C:\Program Files\Intel\WiFi\bin\;C:\Program Files\Common Files\Intel\WirelessCommon\
USERNAME=Alexandr
OS=Windows_NT
PROCESSOR_IDENTIFIER=Intel64 Family 6 Model 42 Stepping 7, GenuineIntel



---------------  S Y S T E M  ---------------

OS: Windows 7 , 64 bit Build 7601 (6.1.7601.18015)

CPU:total 4 (initial active 4) (2 cores per cpu, 2 threads per core) family 6 model 42 stepping 7, cmov, cx8, fxsr, mmx, sse, sse2, sse3, ssse3, sse4.1, sse4.2, popcnt, avx, aes, clmul, ht, tsc, tscinvbit

Memory: 4k page, physical 7968196k(885024k free), swap 9046588k(4148k free)

vm_info: OpenJDK 64-Bit Server VM (25.202-b03) for windows-amd64 JRE (1.8.0_202-release-1483-b03), built by "builder" with MS VC++ 10.0 (VS2010)

time: Wed Sep 04 19:38:40 2019
timezone: Финляндия (лето)
elapsed time: 3752 seconds (0d 1h 2m 32s)

